<?xml version="1.0" encoding="UTF-8"?>
<!-- Generated by org.testng.reporters.JUnitXMLReporter -->
<testsuite ignored="0" hostname="DESKTOP-931JVP2" failures="0" tests="3" name="Default test" time="3.621" errors="0" timestamp="2025-05-06T23:15:48 IST">
  <testcase classname="practise.DynamicJson" name="addBook" time="3.178"/>
  <testcase classname="practise.DynamicJson" name="addBook" time="0.132"/>
  <testcase classname="practise.DynamicJson" name="addBook" time="0.138"/>
</testsuite> <!-- Default test -->
