<?xml version="1.0" encoding="UTF-8"?>
<testng-results ignored="0" total="3" passed="3" failed="0" skipped="0">
  <reporter-output>
  </reporter-output>
  <suite started-at="2025-05-06T23:15:45 IST" name="Default suite" finished-at="2025-05-06T23:15:48 IST" duration-ms="3621">
    <groups>
    </groups>
    <test started-at="2025-05-06T23:15:45 IST" name="Default test" finished-at="2025-05-06T23:15:48 IST" duration-ms="3621">
      <class name="practise.DynamicJson">
        <test-method signature="addBook(java.lang.String,java.lang.String)[pri:0, instance:practise.DynamicJson@2ea41516]" started-at="2025-05-06T23:15:45 IST" name="addBook" data-provider="bookData" finished-at="2025-05-06T23:15:48 IST" duration-ms="3178" status="PASS">
          <params>
            <param index="0">
              <value>
                <![CDATA[qwert]]>
              </value>
            </param>
            <param index="1">
              <value>
                <![CDATA[24680]]>
              </value>
            </param>
          </params>
          <reporter-output>
          </reporter-output>
        </test-method> <!-- addBook -->
        <test-method signature="addBook(java.lang.String,java.lang.String)[pri:0, instance:practise.DynamicJson@2ea41516]" started-at="2025-05-06T23:15:48 IST" name="addBook" data-provider="bookData" finished-at="2025-05-06T23:15:48 IST" duration-ms="132" status="PASS">
          <params>
            <param index="0">
              <value>
                <![CDATA[zxcvb]]>
              </value>
            </param>
            <param index="1">
              <value>
                <![CDATA[78772]]>
              </value>
            </param>
          </params>
          <reporter-output>
          </reporter-output>
        </test-method> <!-- addBook -->
        <test-method signature="addBook(java.lang.String,java.lang.String)[pri:0, instance:practise.DynamicJson@2ea41516]" started-at="2025-05-06T23:15:48 IST" name="addBook" data-provider="bookData" finished-at="2025-05-06T23:15:48 IST" duration-ms="138" status="PASS">
          <params>
            <param index="0">
              <value>
                <![CDATA[asdfg]]>
              </value>
            </param>
            <param index="1">
              <value>
                <![CDATA[362727]]>
              </value>
            </param>
          </params>
          <reporter-output>
          </reporter-output>
        </test-method> <!-- addBook -->
      </class> <!-- practise.DynamicJson -->
    </test> <!-- Default test -->
  </suite> <!-- Default suite -->
</testng-results>
